<<<<<<< HEAD
Wed Oct 11 12:59:33 BRT 2017 : Apache Derby Servidor de Rede - 10.13.1.1 - (Unversioned directory) iniciado e pronto para aceitar conexões na porta 1527 em {3}
----------------------------------------------------------------
Wed Oct 11 12:59:45 BRT 2017:
 Inicializando o Derby versão The Apache Software Foundation - Apache Derby - 10.13.1.1 - (Unversioned directory): instância a816c00e-015f-0c29-9834-00006fdc660d
no diretório de banco de dados C:\Users\Leticia Ribeiro\Documents\workspace\Sistema-Mercado\Sistema-Mercado\MercadoBD 

=======
Sun Oct 08 13:26:20 BRT 2017 : Apache Derby Servidor de Rede - 10.13.1.1 - (Unversioned directory) iniciado e pronto para aceitar conexões na porta 1527 em {3}
----------------------------------------------------------------
Sun Oct 08 13:26:27 BRT 2017:
 Inicializando o Derby versão The Apache Software Foundation - Apache Derby - 10.13.1.1 - (Unversioned directory): instância a816c00e-015e-fccf-08a5-000022cc50ee
no diretório de banco de dados D:\Documentos\2º periodo - 2017\LPS\WorkSpace\Sistema-Mercado\Sistema-Mercado\MercadoBD 

>>>>>>> 662132022d34c4446f49fc32e4564f740b2389b0
java.vendor=Oracle Corporation
java.runtime.version=1.8.0_111-b14
user.dir=C:\Users\Leticia Ribeiro\Documents\workspace\glassfish-5.0\glassfish5\javadb
os.name=Windows 8.1
os.arch=amd64
<<<<<<< HEAD
os.version=6.3
derby.system.home=C:\Users\Leticia Ribeiro\Documents\workspace\Sistema-Mercado\Sistema-Mercado
Carregador de classe do banco de dados iniciado - derby.database.classpath=''
----------------------------------------------------------------
Wed Oct 11 13:38:44 BRT 2017: Shutting down Derby engine
=======
os.version=10.0
derby.system.home=D:\Documentos\2º periodo - 2017\LPS\WorkSpace\Sistema-Mercado\Sistema-Mercado
Carregador de classe do banco de dados iniciado - derby.database.classpath=''
----------------------------------------------------------------
Sun Oct 08 13:52:55 BRT 2017: Shutting down Derby engine
>>>>>>> 662132022d34c4446f49fc32e4564f740b2389b0
